/usr/share/fonts: skipping, existing cache is valid: 0 fonts, 6 dirs
/usr/share/fonts/X11: skipping, existing cache is valid: 0 fonts, 6 dirs
/usr/share/fonts/X11/100dpi: skipping, existing cache is valid: 358 fonts, 0 dirs
/usr/share/fonts/X11/75dpi: skipping, existing cache is valid: 358 fonts, 0 dirs
/usr/share/fonts/X11/Type1: skipping, existing cache is valid: 116 fonts, 0 dirs
/usr/share/fonts/X11/encodings: skipping, existing cache is valid: 0 fonts, 1 dirs
/usr/share/fonts/X11/encodings/large: skipping, existing cache is valid: 0 fonts, 0 dirs
/usr/share/fonts/X11/misc: skipping, existing cache is valid: 89 fonts, 0 dirs
/usr/share/fonts/X11/util: skipping, existing cache is valid: 0 fonts, 0 dirs
/usr/share/fonts/cMap: skipping, existing cache is valid: 0 fonts, 0 dirs
/usr/share/fonts/cmap: skipping, existing cache is valid: 0 fonts, 5 dirs
/usr/share/fonts/cmap/adobe-cns1: skipping, existing cache is valid: 0 fonts, 0 dirs
/usr/share/fonts/cmap/adobe-gb1: skipping, existing cache is valid: 0 fonts, 0 dirs
/usr/share/fonts/cmap/adobe-japan1: skipping, existing cache is valid: 0 fonts, 0 dirs
/usr/share/fonts/cmap/adobe-japan2: skipping, existing cache is valid: 0 fonts, 0 dirs
/usr/share/fonts/cmap/adobe-korea1: skipping, existing cache is valid: 0 fonts, 0 dirs
/usr/share/fonts/opentype: skipping, existing cache is valid: 0 fonts, 4 dirs
/usr/share/fonts/opentype/cantarell: skipping, existing cache is valid: 5 fonts, 0 dirs
/usr/share/fonts/opentype/font-awesome: skipping, existing cache is valid: 1 fonts, 0 dirs
/usr/share/fonts/opentype/mathjax: skipping, existing cache is valid: 24 fonts, 0 dirs
/usr/share/fonts/opentype/urw-base35: skipping, existing cache is valid: 35 fonts, 0 dirs
/usr/share/fonts/truetype: skipping, existing cache is valid: 0 fonts, 12 dirs
/usr/share/fonts/truetype/dejavu: skipping, existing cache is valid: 22 fonts, 0 dirs
/usr/share/fonts/truetype/droid: skipping, existing cache is valid: 1 fonts, 0 dirs
/usr/share/fonts/truetype/firacode: skipping, existing cache is valid: 6 fonts, 0 dirs
/usr/share/fonts/truetype/font-awesome: skipping, existing cache is valid: 1 fonts, 0 dirs
/usr/share/fonts/truetype/freefont: skipping, existing cache is valid: 12 fonts, 0 dirs
/usr/share/fonts/truetype/hack: skipping, existing cache is valid: 4 fonts, 0 dirs
/usr/share/fonts/truetype/lato: skipping, existing cache is valid: 18 fonts, 0 dirs
/usr/share/fonts/truetype/liberation: skipping, existing cache is valid: 16 fonts, 0 dirs
/usr/share/fonts/truetype/liberation2: skipping, existing cache is valid: 12 fonts, 0 dirs
/usr/share/fonts/truetype/lyx: skipping, existing cache is valid: 12 fonts, 0 dirs
/usr/share/fonts/truetype/noto: skipping, existing cache is valid: 4 fonts, 0 dirs
/usr/share/fonts/truetype/quicksand: skipping, existing cache is valid: 4 fonts, 0 dirs
/usr/share/fonts/type1: skipping, existing cache is valid: 0 fonts, 2 dirs
/usr/share/fonts/type1/texlive-fonts-recommended: skipping, existing cache is valid: 12 fonts, 0 dirs
/usr/share/fonts/type1/urw-base35: skipping, existing cache is valid: 35 fonts, 0 dirs
/usr/local/share/fonts: skipping, existing cache is valid: 0 fonts, 0 dirs
/usr/share/texmf/fonts/opentype/public/lm: skipping, existing cache is valid: 72 fonts, 0 dirs
/usr/share/texmf/fonts/opentype/public/lm-math: skipping, existing cache is valid: 1 fonts, 0 dirs
/usr/share/texmf/fonts/opentype/public/tex-gyre-math: skipping, existing cache is valid: 5 fonts, 0 dirs
/usr/share/texmf/fonts/opentype/public/tex-gyre: skipping, existing cache is valid: 33 fonts, 0 dirs
/usr/share/fonts/X11: skipping, looped directory detected
/usr/share/fonts/cMap: skipping, looped directory detected
/usr/share/fonts/cmap: skipping, looped directory detected
/usr/share/fonts/opentype: skipping, looped directory detected
/usr/share/fonts/truetype: skipping, looped directory detected
/usr/share/fonts/type1: skipping, looped directory detected
/usr/share/fonts/X11/100dpi: skipping, looped directory detected
/usr/share/fonts/X11/75dpi: skipping, looped directory detected
/usr/share/fonts/X11/Type1: skipping, looped directory detected
/usr/share/fonts/X11/encodings: skipping, looped directory detected
/usr/share/fonts/X11/misc: skipping, looped directory detected
/usr/share/fonts/X11/util: skipping, looped directory detected
/usr/share/fonts/cmap/adobe-cns1: skipping, looped directory detected
/usr/share/fonts/cmap/adobe-gb1: skipping, looped directory detected
/usr/share/fonts/cmap/adobe-japan1: skipping, looped directory detected
/usr/share/fonts/cmap/adobe-japan2: skipping, looped directory detected
/usr/share/fonts/cmap/adobe-korea1: skipping, looped directory detected
/usr/share/fonts/opentype/cantarell: skipping, looped directory detected
/usr/share/fonts/opentype/font-awesome: skipping, looped directory detected
/usr/share/fonts/opentype/mathjax: skipping, looped directory detected
/usr/share/fonts/opentype/urw-base35: skipping, looped directory detected
/usr/share/fonts/truetype/dejavu: skipping, looped directory detected
/usr/share/fonts/truetype/droid: skipping, looped directory detected
/usr/share/fonts/truetype/firacode: skipping, looped directory detected
/usr/share/fonts/truetype/font-awesome: skipping, looped directory detected
/usr/share/fonts/truetype/freefont: skipping, looped directory detected
/usr/share/fonts/truetype/hack: skipping, looped directory detected
/usr/share/fonts/truetype/lato: skipping, looped directory detected
/usr/share/fonts/truetype/liberation: skipping, looped directory detected
/usr/share/fonts/truetype/liberation2: skipping, looped directory detected
/usr/share/fonts/truetype/lyx: skipping, looped directory detected
/usr/share/fonts/truetype/noto: skipping, looped directory detected
/usr/share/fonts/truetype/quicksand: skipping, looped directory detected
/usr/share/fonts/type1/texlive-fonts-recommended: skipping, looped directory detected
/usr/share/fonts/type1/urw-base35: skipping, looped directory detected
/usr/share/fonts/X11/encodings/large: skipping, looped directory detected
/var/cache/fontconfig: cleaning cache directory
fc-cache: succeeded
